2024-07-26 21:39:47 [INFO]: Server started at PORT: 3004: undefined
2024-07-26 21:39:47 [INFO]: DB successfully connected: undefined
2024-07-26 21:39:51 [INFO]: Server started at PORT: 3004: undefined
2024-07-26 21:39:52 [INFO]: DB successfully connected: undefined
2024-07-26 21:40:09 [INFO]: Server started at PORT: 3004: undefined
2024-07-26 21:40:10 [INFO]: DB successfully connected: undefined
2024-07-26 21:40:50 [INFO]: Server started at PORT: 3004: undefined
2024-07-26 21:40:50 [INFO]: DB successfully connected: undefined
2024-07-26 21:41:48 [INFO]: Server started at PORT: 3004: undefined
2024-07-26 21:41:49 [INFO]: DB successfully connected: undefined
2024-07-26 21:41:52 [INFO]: Server started at PORT: 3004: undefined
2024-07-26 21:41:53 [INFO]: Server started at PORT: 3004: undefined
2024-07-26 21:41:53 [INFO]: DB successfully connected: undefined
2024-07-26 21:42:08 [INFO]: Server started at PORT: 3004: undefined
2024-07-26 21:42:09 [INFO]: DB successfully connected: undefined
2024-07-26 21:45:15 [ERROR]: No valid credentials found for arijit@admin.in: UnAuthorized: No valid credentials found for arijit@admin.in
    at UserRepository.getUser (/Users/arijitganguly/Documents/AlgoCodeBackend/AlgoCode-User-Service/src/repository/user.repository.js:21:23)
    at process.processTicksAndRejections (node:internal/process/task_queues:95:5)
    at async UserService.getUser (/Users/arijitganguly/Documents/AlgoCodeBackend/AlgoCode-User-Service/src/services/user.service.js:13:22)
    at async getUser (/Users/arijitganguly/Documents/AlgoCodeBackend/AlgoCode-User-Service/src/controllers/user.controller.js:23:26)
2024-07-26 21:45:15 [ERROR]: No valid credentials found for arijit@admin.in: undefined
2024-07-26 21:45:32 [ERROR]: password is not defined: ReferenceError: password is not defined
    at UserRepository.getUser (/Users/arijitganguly/Documents/AlgoCodeBackend/AlgoCode-User-Service/src/repository/user.repository.js:26:34)
    at process.processTicksAndRejections (node:internal/process/task_queues:95:5)
    at async UserService.getUser (/Users/arijitganguly/Documents/AlgoCodeBackend/AlgoCode-User-Service/src/services/user.service.js:13:22)
    at async getUser (/Users/arijitganguly/Documents/AlgoCodeBackend/AlgoCode-User-Service/src/controllers/user.controller.js:23:26)
2024-07-26 21:45:32 [ERROR]: password is not defined: undefined
2024-07-26 21:46:28 [ERROR]: password is not defined: ReferenceError: password is not defined
    at UserRepository.getUser (/Users/arijitganguly/Documents/AlgoCodeBackend/AlgoCode-User-Service/src/repository/user.repository.js:26:34)
    at process.processTicksAndRejections (node:internal/process/task_queues:95:5)
    at async UserService.getUser (/Users/arijitganguly/Documents/AlgoCodeBackend/AlgoCode-User-Service/src/services/user.service.js:13:22)
    at async getUser (/Users/arijitganguly/Documents/AlgoCodeBackend/AlgoCode-User-Service/src/controllers/user.controller.js:23:26)
2024-07-26 21:46:28 [ERROR]: password is not defined: undefined
2024-07-26 21:51:41 [INFO]: Server started at PORT: 3004: undefined
2024-07-26 21:51:42 [INFO]: DB successfully connected: undefined
2024-07-26 21:51:47 [INFO]: Server started at PORT: 3004: undefined
2024-07-26 21:51:47 [INFO]: DB successfully connected: undefined
2024-07-26 21:52:07 [ERROR]: password is not defined: ReferenceError: password is not defined
    at UserRepository.getUser (/Users/arijitganguly/Documents/AlgoCodeBackend/AlgoCode-User-Service/src/repository/user.repository.js:26:34)
    at process.processTicksAndRejections (node:internal/process/task_queues:95:5)
    at async UserService.getUser (/Users/arijitganguly/Documents/AlgoCodeBackend/AlgoCode-User-Service/src/services/user.service.js:13:22)
    at async getUser (/Users/arijitganguly/Documents/AlgoCodeBackend/AlgoCode-User-Service/src/controllers/user.controller.js:23:26)
2024-07-26 21:52:07 [ERROR]: password is not defined: undefined
2024-07-26 21:52:38 [ERROR]: password is not defined: ReferenceError: password is not defined
    at UserRepository.getUser (/Users/arijitganguly/Documents/AlgoCodeBackend/AlgoCode-User-Service/src/repository/user.repository.js:26:34)
    at process.processTicksAndRejections (node:internal/process/task_queues:95:5)
    at async UserService.getUser (/Users/arijitganguly/Documents/AlgoCodeBackend/AlgoCode-User-Service/src/services/user.service.js:13:22)
    at async getUser (/Users/arijitganguly/Documents/AlgoCodeBackend/AlgoCode-User-Service/src/controllers/user.controller.js:23:26)
2024-07-26 21:52:38 [ERROR]: password is not defined: undefined
2024-07-26 21:55:25 [INFO]: Server started at PORT: 3004: undefined
2024-07-26 21:55:26 [INFO]: DB successfully connected: undefined
2024-07-26 21:55:29 [INFO]: Server started at PORT: 3004: undefined
2024-07-26 21:55:29 [INFO]: DB successfully connected: undefined
2024-07-26 21:55:59 [ERROR]: password is not defined: ReferenceError: password is not defined
    at UserRepository.getUser (/Users/arijitganguly/Documents/AlgoCodeBackend/AlgoCode-User-Service/src/repository/user.repository.js:28:38)
    at process.processTicksAndRejections (node:internal/process/task_queues:95:5)
    at async UserService.getUser (/Users/arijitganguly/Documents/AlgoCodeBackend/AlgoCode-User-Service/src/services/user.service.js:13:22)
    at async getUser (/Users/arijitganguly/Documents/AlgoCodeBackend/AlgoCode-User-Service/src/controllers/user.controller.js:23:26)
2024-07-26 21:55:59 [ERROR]: password is not defined: undefined
2024-07-26 21:56:23 [INFO]: Server started at PORT: 3004: undefined
2024-07-26 21:56:23 [INFO]: DB successfully connected: undefined
2024-07-26 21:56:28 [INFO]: Server started at PORT: 3004: undefined
2024-07-26 21:56:30 [INFO]: Server started at PORT: 3004: undefined
2024-07-26 21:56:30 [INFO]: DB successfully connected: undefined
2024-07-26 21:56:35 [INFO]: Server started at PORT: 3004: undefined
2024-07-26 21:56:35 [INFO]: DB successfully connected: undefined
2024-07-26 21:56:42 [INFO]: Server started at PORT: 3004: undefined
2024-07-26 21:56:42 [INFO]: DB successfully connected: undefined
2024-07-26 21:56:48 [ERROR]: password is not defined: ReferenceError: password is not defined
    at UserRepository.getUser (/Users/arijitganguly/Documents/AlgoCodeBackend/AlgoCode-User-Service/src/repository/user.repository.js:29:38)
    at process.processTicksAndRejections (node:internal/process/task_queues:95:5)
    at async UserService.getUser (/Users/arijitganguly/Documents/AlgoCodeBackend/AlgoCode-User-Service/src/services/user.service.js:13:22)
    at async getUser (/Users/arijitganguly/Documents/AlgoCodeBackend/AlgoCode-User-Service/src/controllers/user.controller.js:23:26)
2024-07-26 21:56:48 [ERROR]: password is not defined: undefined
2024-07-26 21:58:00 [INFO]: Server started at PORT: 3004: undefined
2024-07-26 21:58:00 [INFO]: DB successfully connected: undefined
2024-07-26 21:58:01 [INFO]: Server started at PORT: 3004: undefined
2024-07-26 21:58:01 [INFO]: DB successfully connected: undefined
2024-07-26 21:58:03 [INFO]: Server started at PORT: 3004: undefined
2024-07-26 21:58:04 [INFO]: Server started at PORT: 3004: undefined
2024-07-26 21:58:05 [INFO]: DB successfully connected: undefined
2024-07-26 21:58:08 [ERROR]: password is not defined: ReferenceError: password is not defined
    at UserRepository.getUser (/Users/arijitganguly/Documents/AlgoCodeBackend/AlgoCode-User-Service/src/repository/user.repository.js:30:38)
    at process.processTicksAndRejections (node:internal/process/task_queues:95:5)
    at async UserService.getUser (/Users/arijitganguly/Documents/AlgoCodeBackend/AlgoCode-User-Service/src/services/user.service.js:13:22)
    at async getUser (/Users/arijitganguly/Documents/AlgoCodeBackend/AlgoCode-User-Service/src/controllers/user.controller.js:23:26)
2024-07-26 21:58:08 [ERROR]: password is not defined: undefined
2024-07-26 21:58:42 [INFO]: Server started at PORT: 3004: undefined
2024-07-26 21:58:42 [INFO]: DB successfully connected: undefined
2024-07-26 21:59:27 [INFO]: Server started at PORT: 3004: undefined
2024-07-26 21:59:28 [INFO]: DB successfully connected: undefined
2024-07-26 21:59:36 [ERROR]: Invalid structure for password provided: undefined
2024-07-26 22:00:10 [INFO]: Server started at PORT: 3004
2024-07-26 22:00:11 [INFO]: DB successfully connected
2024-07-26 22:00:22 [INFO]: Server started at PORT: 3004
2024-07-26 22:00:23 [INFO]: DB successfully connected
2024-07-26 22:00:29 [INFO]: Server started at PORT: 3004
2024-07-26 22:00:29 [INFO]: DB successfully connected
2024-07-26 22:02:08 [INFO]: Server started at PORT: 3004
2024-07-26 22:02:08 [INFO]: DB successfully connected
2024-07-26 22:02:41 [INFO]: Server started at PORT: 3004
2024-07-26 22:02:41 [INFO]: DB successfully connected
2024-07-26 22:02:48 [INFO]: Server started at PORT: 3004
2024-07-26 22:02:49 [INFO]: DB successfully connected
2024-07-26 22:05:31 [INFO]: Server started at PORT: 3004
2024-07-26 22:05:31 [INFO]: DB successfully connected
2024-07-28 13:49:20 [INFO]: Server started at PORT: 3004
2024-07-28 13:49:21 [INFO]: DB successfully connected
2024-07-28 14:08:00 [INFO]: Server started at PORT: 3004
2024-07-28 14:08:01 [INFO]: DB successfully connected
